[35m[1mScanning dependencies of target helloworld[0m
[ 50%] [32mBuilding CXX object CMakeFiles/helloworld.dir/src/helloworld.cpp.o[0m
[100%] [32m[1mLinking CXX executable helloworld[0m
[100%] Built target helloworld
-- Install configuration: ""
-- Installing: /ros2_ws/install/tutorial_package/lib/tutorial_package/helloworld
-- Set runtime path of "/ros2_ws/install/tutorial_package/lib/tutorial_package/helloworld" to ""
-- Up-to-date: /ros2_ws/install/tutorial_package/share/ament_index/resource_index/package_run_dependencies/tutorial_package
-- Up-to-date: /ros2_ws/install/tutorial_package/share/ament_index/resource_index/parent_prefix_path/tutorial_package
-- Up-to-date: /ros2_ws/install/tutorial_package/share/tutorial_package/environment/ament_prefix_path.sh
-- Up-to-date: /ros2_ws/install/tutorial_package/share/tutorial_package/environment/ament_prefix_path.dsv
-- Up-to-date: /ros2_ws/install/tutorial_package/share/tutorial_package/environment/path.sh
-- Up-to-date: /ros2_ws/install/tutorial_package/share/tutorial_package/environment/path.dsv
-- Up-to-date: /ros2_ws/install/tutorial_package/share/tutorial_package/local_setup.bash
-- Up-to-date: /ros2_ws/install/tutorial_package/share/tutorial_package/local_setup.sh
-- Up-to-date: /ros2_ws/install/tutorial_package/share/tutorial_package/local_setup.zsh
-- Up-to-date: /ros2_ws/install/tutorial_package/share/tutorial_package/local_setup.dsv
-- Installing: /ros2_ws/install/tutorial_package/share/tutorial_package/package.dsv
-- Up-to-date: /ros2_ws/install/tutorial_package/share/ament_index/resource_index/packages/tutorial_package
-- Up-to-date: /ros2_ws/install/tutorial_package/share/tutorial_package/cmake/tutorial_packageConfig.cmake
-- Up-to-date: /ros2_ws/install/tutorial_package/share/tutorial_package/cmake/tutorial_packageConfig-version.cmake
-- Up-to-date: /ros2_ws/install/tutorial_package/share/tutorial_package/package.xml
