[0.024s] Invoking command in '/ros2_ws/build/tutorial_package': CMAKE_PREFIX_PATH=${CMAKE_PREFIX_PATH}:/opt/ros/foxy /usr/bin/cmake --build /ros2_ws/build/tutorial_package -- -j8 -l8
[0.068s] [35m[1mScanning dependencies of target helloworld[0m
[0.089s] [ 50%] [32mBuilding CXX object CMakeFiles/helloworld.dir/src/helloworld.cpp.o[0m
[1.723s] [100%] [32m[1mLinking CXX executable helloworld[0m
[1.837s] [100%] Built target helloworld
[1.849s] Invoked command in '/ros2_ws/build/tutorial_package' returned '0': CMAKE_PREFIX_PATH=${CMAKE_PREFIX_PATH}:/opt/ros/foxy /usr/bin/cmake --build /ros2_ws/build/tutorial_package -- -j8 -l8
[1.886s] Invoking command in '/ros2_ws/build/tutorial_package': CMAKE_PREFIX_PATH=${CMAKE_PREFIX_PATH}:/opt/ros/foxy /usr/bin/cmake --install /ros2_ws/build/tutorial_package
[1.895s] -- Install configuration: ""
[1.895s] -- Installing: /ros2_ws/install/tutorial_package/lib/tutorial_package/helloworld
[1.895s] -- Set runtime path of "/ros2_ws/install/tutorial_package/lib/tutorial_package/helloworld" to ""
[1.895s] -- Up-to-date: /ros2_ws/install/tutorial_package/share/ament_index/resource_index/package_run_dependencies/tutorial_package
[1.896s] -- Up-to-date: /ros2_ws/install/tutorial_package/share/ament_index/resource_index/parent_prefix_path/tutorial_package
[1.896s] -- Up-to-date: /ros2_ws/install/tutorial_package/share/tutorial_package/environment/ament_prefix_path.sh
[1.896s] -- Up-to-date: /ros2_ws/install/tutorial_package/share/tutorial_package/environment/ament_prefix_path.dsv
[1.896s] -- Up-to-date: /ros2_ws/install/tutorial_package/share/tutorial_package/environment/path.sh
[1.896s] -- Up-to-date: /ros2_ws/install/tutorial_package/share/tutorial_package/environment/path.dsv
[1.896s] -- Up-to-date: /ros2_ws/install/tutorial_package/share/tutorial_package/local_setup.bash
[1.896s] -- Up-to-date: /ros2_ws/install/tutorial_package/share/tutorial_package/local_setup.sh
[1.896s] -- Up-to-date: /ros2_ws/install/tutorial_package/share/tutorial_package/local_setup.zsh
[1.896s] -- Up-to-date: /ros2_ws/install/tutorial_package/share/tutorial_package/local_setup.dsv
[1.896s] -- Installing: /ros2_ws/install/tutorial_package/share/tutorial_package/package.dsv
[1.896s] -- Up-to-date: /ros2_ws/install/tutorial_package/share/ament_index/resource_index/packages/tutorial_package
[1.896s] -- Up-to-date: /ros2_ws/install/tutorial_package/share/tutorial_package/cmake/tutorial_packageConfig.cmake
[1.896s] -- Up-to-date: /ros2_ws/install/tutorial_package/share/tutorial_package/cmake/tutorial_packageConfig-version.cmake
[1.897s] -- Up-to-date: /ros2_ws/install/tutorial_package/share/tutorial_package/package.xml
[1.898s] Invoked command in '/ros2_ws/build/tutorial_package' returned '0': CMAKE_PREFIX_PATH=${CMAKE_PREFIX_PATH}:/opt/ros/foxy /usr/bin/cmake --install /ros2_ws/build/tutorial_package
