-- Found ament_cmake: 0.9.12 (/opt/ros/foxy/share/ament_cmake/cmake)
-- Using PYTHON_EXECUTABLE: /usr/bin/python3
-- Found rclcpp: 2.4.3 (/opt/ros/foxy/share/rclcpp/cmake)
-- Using all available rosidl_typesupport_c: rosidl_typesupport_fastrtps_c;rosidl_typesupport_introspection_c
-- Found rosidl_adapter: 1.3.1 (/opt/ros/foxy/share/rosidl_adapter/cmake)
-- Found OpenSSL: /usr/lib/x86_64-linux-gnu/libcrypto.so (found version "1.1.1f")  
-- Found FastRTPS: /opt/ros/foxy/include  
-- Using all available rosidl_typesupport_cpp: rosidl_typesupport_fastrtps_cpp;rosidl_typesupport_introspection_cpp
-- Found rmw_implementation_cmake: 1.0.4 (/opt/ros/foxy/share/rmw_implementation_cmake/cmake)
-- Using RMW implementation 'rmw_fastrtps_cpp' as default
-- Looking for pthread.h
-- Looking for pthread.h - found
-- Performing Test CMAKE_HAVE_LIBC_PTHREAD
-- Performing Test CMAKE_HAVE_LIBC_PTHREAD - Failed
-- Looking for pthread_create in pthreads
-- Looking for pthread_create in pthreads - not found
-- Looking for pthread_create in pthread
-- Looking for pthread_create in pthread - found
-- Found Threads: TRUE  
-- Configuring done
-- Generating done
-- Build files have been written to: /ros2_ws/build/tutorial_package
[35m[1mScanning dependencies of target helloworld[0m
[ 50%] [32mBuilding CXX object CMakeFiles/helloworld.dir/src/helloworld.cpp.o[0m
[100%] [32m[1mLinking CXX executable helloworld[0m
[100%] Built target helloworld
-- Install configuration: ""
-- Installing: /ros2_ws/install/tutorial_package/lib/tutorial_package/helloworld
-- Set runtime path of "/ros2_ws/install/tutorial_package/lib/tutorial_package/helloworld" to ""
-- Up-to-date: /ros2_ws/install/tutorial_package/share/ament_index/resource_index/package_run_dependencies/tutorial_package
-- Installing: /ros2_ws/install/tutorial_package/share/ament_index/resource_index/parent_prefix_path/tutorial_package
-- Up-to-date: /ros2_ws/install/tutorial_package/share/tutorial_package/environment/ament_prefix_path.sh
-- Installing: /ros2_ws/install/tutorial_package/share/tutorial_package/environment/ament_prefix_path.dsv
-- Up-to-date: /ros2_ws/install/tutorial_package/share/tutorial_package/environment/path.sh
-- Installing: /ros2_ws/install/tutorial_package/share/tutorial_package/environment/path.dsv
-- Up-to-date: /ros2_ws/install/tutorial_package/share/tutorial_package/local_setup.bash
-- Up-to-date: /ros2_ws/install/tutorial_package/share/tutorial_package/local_setup.sh
-- Up-to-date: /ros2_ws/install/tutorial_package/share/tutorial_package/local_setup.zsh
-- Installing: /ros2_ws/install/tutorial_package/share/tutorial_package/local_setup.dsv
-- Installing: /ros2_ws/install/tutorial_package/share/tutorial_package/package.dsv
-- Up-to-date: /ros2_ws/install/tutorial_package/share/ament_index/resource_index/packages/tutorial_package
-- Up-to-date: /ros2_ws/install/tutorial_package/share/tutorial_package/cmake/tutorial_packageConfig.cmake
-- Up-to-date: /ros2_ws/install/tutorial_package/share/tutorial_package/cmake/tutorial_packageConfig-version.cmake
-- Up-to-date: /ros2_ws/install/tutorial_package/share/tutorial_package/package.xml
