[0.022s] Invoking command in '/ros2_ws/build/tutorial_package': CMAKE_PREFIX_PATH=${CMAKE_PREFIX_PATH}:/opt/ros/foxy /usr/bin/cmake --build /ros2_ws/build/tutorial_package -- -j8 -l8
[0.047s] -- Found ament_cmake: 0.9.12 (/opt/ros/foxy/share/ament_cmake/cmake)
[0.068s] -- Using PYTHON_EXECUTABLE: /usr/bin/python3
[0.221s] -- Found rclcpp: 2.4.3 (/opt/ros/foxy/share/rclcpp/cmake)
[0.272s] -- Using all available rosidl_typesupport_c: rosidl_typesupport_fastrtps_c;rosidl_typesupport_introspection_c
[0.280s] -- Found rosidl_adapter: 1.3.1 (/opt/ros/foxy/share/rosidl_adapter/cmake)
[0.365s] -- Found OpenSSL: /usr/lib/x86_64-linux-gnu/libcrypto.so (found version "1.1.1f")  
[0.394s] -- Found FastRTPS: /opt/ros/foxy/include  
[0.474s] -- Using all available rosidl_typesupport_cpp: rosidl_typesupport_fastrtps_cpp;rosidl_typesupport_introspection_cpp
[0.531s] -- Found rmw_implementation_cmake: 1.0.4 (/opt/ros/foxy/share/rmw_implementation_cmake/cmake)
[0.533s] -- Using RMW implementation 'rmw_fastrtps_cpp' as default
[0.534s] -- Looking for pthread.h
[0.604s] -- Looking for pthread.h - found
[0.604s] -- Performing Test CMAKE_HAVE_LIBC_PTHREAD
[0.677s] -- Performing Test CMAKE_HAVE_LIBC_PTHREAD - Failed
[0.677s] -- Looking for pthread_create in pthreads
[0.738s] -- Looking for pthread_create in pthreads - not found
[0.738s] -- Looking for pthread_create in pthread
[0.806s] -- Looking for pthread_create in pthread - found
[0.808s] -- Found Threads: TRUE  
[1.015s] -- Configuring done
[1.022s] -- Generating done
[1.023s] -- Build files have been written to: /ros2_ws/build/tutorial_package
[1.045s] [35m[1mScanning dependencies of target helloworld[0m
[1.102s] [ 50%] [32mBuilding CXX object CMakeFiles/helloworld.dir/src/helloworld.cpp.o[0m
[2.299s] [01m[K/ros2_ws/tutorial_package/src/helloworld.cpp:[m[K In function ‘[01m[Kint main(int, char**)[m[K’:
[2.299s] [01m[K/ros2_ws/tutorial_package/src/helloworld.cpp:13:11:[m[K [01;35m[Kwarning: [m[Kstatement is a reference, not call, to function ‘[01m[Krclcpp::shutdown[m[K’ [[01;35m[K-Waddress[m[K]
[2.299s]    13 |   [01;35m[Krclcpp::shutdown[m[K;
[2.299s]       |   [01;35m[K~~~~~~~~^~~~~~~~[m[K
[2.299s] [01m[K/ros2_ws/tutorial_package/src/helloworld.cpp:13:11:[m[K [01;35m[Kwarning: [m[Kstatement has no effect [[01;35m[K-Wunused-value[m[K]
[2.786s] [100%] [32m[1mLinking CXX executable helloworld[0m
[2.909s] [100%] Built target helloworld
[2.925s] Invoked command in '/ros2_ws/build/tutorial_package' returned '0': CMAKE_PREFIX_PATH=${CMAKE_PREFIX_PATH}:/opt/ros/foxy /usr/bin/cmake --build /ros2_ws/build/tutorial_package -- -j8 -l8
[2.961s] Invoking command in '/ros2_ws/build/tutorial_package': CMAKE_PREFIX_PATH=${CMAKE_PREFIX_PATH}:/opt/ros/foxy /usr/bin/cmake --install /ros2_ws/build/tutorial_package
[2.969s] -- Install configuration: ""
[2.970s] -- Installing: /ros2_ws/install/tutorial_package/lib/tutorial_package/helloworld
[2.970s] -- Set runtime path of "/ros2_ws/install/tutorial_package/lib/tutorial_package/helloworld" to ""
[2.970s] -- Up-to-date: /ros2_ws/install/tutorial_package/share/ament_index/resource_index/package_run_dependencies/tutorial_package
[2.970s] -- Installing: /ros2_ws/install/tutorial_package/share/ament_index/resource_index/parent_prefix_path/tutorial_package
[2.970s] -- Up-to-date: /ros2_ws/install/tutorial_package/share/tutorial_package/environment/ament_prefix_path.sh
[2.971s] -- Installing: /ros2_ws/install/tutorial_package/share/tutorial_package/environment/ament_prefix_path.dsv
[2.971s] -- Up-to-date: /ros2_ws/install/tutorial_package/share/tutorial_package/environment/path.sh
[2.971s] -- Installing: /ros2_ws/install/tutorial_package/share/tutorial_package/environment/path.dsv
[2.971s] -- Up-to-date: /ros2_ws/install/tutorial_package/share/tutorial_package/local_setup.bash
[2.971s] -- Up-to-date: /ros2_ws/install/tutorial_package/share/tutorial_package/local_setup.sh
[2.971s] -- Up-to-date: /ros2_ws/install/tutorial_package/share/tutorial_package/local_setup.zsh
[2.971s] -- Installing: /ros2_ws/install/tutorial_package/share/tutorial_package/local_setup.dsv
[2.971s] -- Installing: /ros2_ws/install/tutorial_package/share/tutorial_package/package.dsv
[2.971s] -- Up-to-date: /ros2_ws/install/tutorial_package/share/ament_index/resource_index/packages/tutorial_package
[2.971s] -- Up-to-date: /ros2_ws/install/tutorial_package/share/tutorial_package/cmake/tutorial_packageConfig.cmake
[2.971s] -- Up-to-date: /ros2_ws/install/tutorial_package/share/tutorial_package/cmake/tutorial_packageConfig-version.cmake
[2.971s] -- Up-to-date: /ros2_ws/install/tutorial_package/share/tutorial_package/package.xml
[2.973s] Invoked command in '/ros2_ws/build/tutorial_package' returned '0': CMAKE_PREFIX_PATH=${CMAKE_PREFIX_PATH}:/opt/ros/foxy /usr/bin/cmake --install /ros2_ws/build/tutorial_package
