[0.020s] Invoking command in '/ros2_ws/build/tutorial_package': CMAKE_PREFIX_PATH=/opt/ros/foxy /usr/bin/cmake /ros2_ws/tutorial_package -DCMAKE_INSTALL_PREFIX=/ros2_ws/install/tutorial_package
[0.149s] -- The C compiler identification is GNU 9.4.0
[0.227s] -- The CXX compiler identification is GNU 9.4.0
[0.233s] -- Check for working C compiler: /usr/bin/cc
[0.303s] -- Check for working C compiler: /usr/bin/cc -- works
[0.305s] -- Detecting C compiler ABI info
[0.378s] -- Detecting C compiler ABI info - done
[0.391s] -- Detecting C compile features
[0.391s] -- Detecting C compile features - done
[0.394s] -- Check for working CXX compiler: /usr/bin/c++
[0.472s] -- Check for working CXX compiler: /usr/bin/c++ -- works
[0.473s] -- Detecting CXX compiler ABI info
[0.550s] -- Detecting CXX compiler ABI info - done
[0.562s] -- Detecting CXX compile features
[0.562s] -- Detecting CXX compile features - done
[0.566s] -- Found ament_cmake: 0.9.12 (/opt/ros/foxy/share/ament_cmake/cmake)
[0.591s] -- Found PythonInterp: /usr/bin/python3 (found suitable version "3.8.10", minimum required is "3") 
[0.591s] -- Using PYTHON_EXECUTABLE: /usr/bin/python3
[0.768s] -- Found ament_lint_auto: 0.9.8 (/opt/ros/foxy/share/ament_lint_auto/cmake)
[0.844s] -- Added test 'copyright' to check source files copyright and LICENSE
[0.845s] -- Added test 'cppcheck' to perform static code analysis on C / C++ code
[0.845s] -- Configured cppcheck include dirs: 
[0.845s] -- Configured cppcheck exclude dirs and/or files: 
[0.846s] -- Added test 'cpplint' to check C / C++ code against the Google style
[0.846s] -- Configured cpplint exclude dirs and/or files: 
[0.847s] -- Added test 'lint_cmake' to check CMake code style
[0.848s] -- Added test 'uncrustify' to check C / C++ code style
[0.848s] -- Configured uncrustify additional arguments: 
[0.849s] -- Added test 'xmllint' to check XML markup files
[0.851s] -- Configuring done
[0.853s] -- Generating done
[0.854s] -- Build files have been written to: /ros2_ws/build/tutorial_package
[0.857s] Invoked command in '/ros2_ws/build/tutorial_package' returned '0': CMAKE_PREFIX_PATH=/opt/ros/foxy /usr/bin/cmake /ros2_ws/tutorial_package -DCMAKE_INSTALL_PREFIX=/ros2_ws/install/tutorial_package
[0.860s] Invoking command in '/ros2_ws/build/tutorial_package': CMAKE_PREFIX_PATH=/opt/ros/foxy /usr/bin/cmake --build /ros2_ws/build/tutorial_package -- -j8 -l8
[0.899s] Invoked command in '/ros2_ws/build/tutorial_package' returned '0': CMAKE_PREFIX_PATH=/opt/ros/foxy /usr/bin/cmake --build /ros2_ws/build/tutorial_package -- -j8 -l8
[0.933s] Invoking command in '/ros2_ws/build/tutorial_package': CMAKE_PREFIX_PATH=/opt/ros/foxy /usr/bin/cmake --install /ros2_ws/build/tutorial_package
[0.941s] -- Install configuration: ""
[0.942s] -- Installing: /ros2_ws/install/tutorial_package/share/ament_index/resource_index/package_run_dependencies/tutorial_package
[0.942s] -- Installing: /ros2_ws/install/tutorial_package/share/ament_index/resource_index/parent_prefix_path/tutorial_package
[0.942s] -- Installing: /ros2_ws/install/tutorial_package/share/tutorial_package/environment/ament_prefix_path.sh
[0.942s] -- Installing: /ros2_ws/install/tutorial_package/share/tutorial_package/environment/ament_prefix_path.dsv
[0.942s] -- Installing: /ros2_ws/install/tutorial_package/share/tutorial_package/environment/path.sh
[0.942s] -- Installing: /ros2_ws/install/tutorial_package/share/tutorial_package/environment/path.dsv
[0.943s] -- Installing: /ros2_ws/install/tutorial_package/share/tutorial_package/local_setup.bash
[0.943s] -- Installing: /ros2_ws/install/tutorial_package/share/tutorial_package/local_setup.sh
[0.943s] -- Installing: /ros2_ws/install/tutorial_package/share/tutorial_package/local_setup.zsh
[0.943s] -- Installing: /ros2_ws/install/tutorial_package/share/tutorial_package/local_setup.dsv
[0.943s] -- Installing: /ros2_ws/install/tutorial_package/share/tutorial_package/package.dsv
[0.943s] -- Installing: /ros2_ws/install/tutorial_package/share/ament_index/resource_index/packages/tutorial_package
[0.943s] -- Installing: /ros2_ws/install/tutorial_package/share/tutorial_package/cmake/tutorial_packageConfig.cmake
[0.944s] -- Installing: /ros2_ws/install/tutorial_package/share/tutorial_package/cmake/tutorial_packageConfig-version.cmake
[0.944s] -- Installing: /ros2_ws/install/tutorial_package/share/tutorial_package/package.xml
[0.946s] Invoked command in '/ros2_ws/build/tutorial_package' returned '0': CMAKE_PREFIX_PATH=/opt/ros/foxy /usr/bin/cmake --install /ros2_ws/build/tutorial_package
